<?xml version="1.0" encoding="UTF-8"?>
<!-- Generated by org.testng.reporters.JUnitReportReporter -->
<testsuite hostname="SSPL-LPTP-374" failures="0" tests="7" name="testlib.program.TC01ProgramTestCases" time="3.929" errors="0" timestamp="2025-05-16T18:17:04 IST" skipped="0">
  <testcase classname="testlib.program.TC01ProgramTestCases" name="creatSeatcType" time="0.190"/>
  <testcase classname="testlib.program.TC01ProgramTestCases" name="creatPeriod" time="0.262"/>
  <testcase classname="testlib.program.TC01ProgramTestCases" name="courseCreationwithBatch" time="0.176"/>
  <testcase classname="testlib.program.TC01ProgramTestCases" name="creatNewProgram" time="0.548"/>
  <testcase classname="testlib.program.TC01ProgramTestCases" name="programSearch" time="0.747"/>
  <testcase classname="testlib.program.TC01ProgramTestCases" name="creatNewProgramBatch" time="0.264"/>
  <testcase classname="testlib.program.TC01ProgramTestCases" name="creatNewCourse" time="1.742"/>
</testsuite> <!-- testlib.program.TC01ProgramTestCases -->
