<?xml version="1.0" encoding="UTF-8"?>
<!-- Generated by org.testng.reporters.JUnitReportReporter -->
<testsuite hostname="SSPL-LPTP-374" failures="0" tests="2" name="testlib.login.TC01Login" time="7.933" errors="0" timestamp="2025-05-16T18:17:04 IST" skipped="0">
  <testcase classname="testlib.login.TC01Login" name="validateLogin" time="0.000"/>
  <testcase classname="testlib.login.TC01Login" name="validateLogin" time="7.933"/>
</testsuite> <!-- testlib.login.TC01Login -->
