<?xml version="1.0" encoding="UTF-8"?>
<!-- Generated by org.testng.reporters.JUnitReportReporter -->
<testsuite hostname="SSPL-LPTP-374" failures="0" tests="1" name="testlib.program.TC02SeachProgramAndMapPeriod" time="51.955" errors="0" timestamp="2025-05-16T18:17:04 IST" skipped="0">
  <testcase classname="testlib.program.TC02SeachProgramAndMapPeriod" name="searchProgram" time="51.955"/>
</testsuite> <!-- testlib.program.TC02SeachProgramAndMapPeriod -->
